<?xml version="1.0" encoding="UTF-8"?>
<!-- Generated by org.testng.reporters.JUnitReportReporter -->
<testsuite hostname="LAPTOP-2Q1SJRBK" failures="0" tests="1" name="com.SauceDemo.TestClass.TC01_TestClassLoginFunctionality" time="17.217" errors="0" timestamp="2022-10-09T19:16:46 IST" skipped="0">
  <testcase classname="com.SauceDemo.TestClass.TC01_TestClassLoginFunctionality" name="verifyLoginFunctionality" time="17.217"/>
  <system-out/>
</testsuite> <!-- com.SauceDemo.TestClass.TC01_TestClassLoginFunctionality -->
