<?xml version="1.0" encoding="UTF-8"?>
<!-- Generated by org.testng.reporters.JUnitReportReporter -->
<testsuite hostname="LAPTOP-2Q1SJRBK" failures="0" tests="1" name="com.SauceDemo.TestClass.TC02_TestClass_LogOutFunctionality" time="11.223" errors="0" timestamp="2022-10-09T19:16:46 IST" skipped="0">
  <testcase classname="com.SauceDemo.TestClass.TC02_TestClass_LogOutFunctionality" name="verifyLOgOutFunctionality" time="11.223"/>
  <system-out/>
</testsuite> <!-- com.SauceDemo.TestClass.TC02_TestClass_LogOutFunctionality -->
